c:\programs\marcela\pr1\release\vc142.pdb
c:\programs\marcela\pr1\release\pr1_4.obj
c:\programs\marcela\pr1\release\pr1_3.obj
c:\programs\marcela\pr1\release\pr1_2.obj
c:\programs\marcela\pr1\release\pr1_1.obj
c:\programs\marcela\pr1\release\pr1.obj
c:\programs\marcela\pr1\release\m1.obj
c:\programs\marcela\pr1\release\vc143.pdb
c:\programs\marcela\pr1\release\pr1.exe
c:\programs\marcela\pr1\release\pr1.pdb
c:\programs\marcela\pr1\release\pr1.ipdb
c:\programs\marcela\pr1\release\pr1.iobj
c:\programs\marcela\pr1\release\pr1.tlog\cl.command.1.tlog
c:\programs\marcela\pr1\release\pr1.tlog\cl.read.1.tlog
c:\programs\marcela\pr1\release\pr1.tlog\cl.write.1.tlog
c:\programs\marcela\pr1\release\pr1.tlog\link.command.1.tlog
c:\programs\marcela\pr1\release\pr1.tlog\link.read.1.tlog
c:\programs\marcela\pr1\release\pr1.tlog\link.write.1.tlog
c:\programs\marcela\pr1\release\pr1.tlog\link.write.2u.tlog
c:\programs\marcela\pr1\release\pr1.tlog\pr1.write.1u.tlog
