c:\programs\marcela\pr1\debug\vc142.pdb
c:\programs\marcela\pr1\debug\vc142.idb
c:\programs\marcela\pr1\debug\pr1.sbr
c:\programs\marcela\pr1\debug\pr1_1.sbr
c:\programs\marcela\pr1\debug\pr1_2.sbr
c:\programs\marcela\pr1\debug\pr1_2.obj
c:\programs\marcela\pr1\debug\pr1_1.obj
c:\programs\marcela\pr1\debug\pr1.obj
c:\programs\marcela\pr1\debug\pr1.ilk
c:\programs\marcela\pr1\debug\pr1.exe
c:\programs\marcela\pr1\debug\pr1.pdb
c:\programs\marcela\pr1\debug\pr1.bsc
c:\programs\marcela\pr1\debug\pr1.tlog\bscmake.command.1.tlog
c:\programs\marcela\pr1\debug\pr1.tlog\bscmake.read.1.tlog
c:\programs\marcela\pr1\debug\pr1.tlog\cl.command.1.tlog
c:\programs\marcela\pr1\debug\pr1.tlog\cl.read.1.tlog
c:\programs\marcela\pr1\debug\pr1.tlog\cl.write.1.tlog
c:\programs\marcela\pr1\debug\pr1.tlog\link.command.1.tlog
c:\programs\marcela\pr1\debug\pr1.tlog\link.read.1.tlog
c:\programs\marcela\pr1\debug\pr1.tlog\link.write.1.tlog
